0 info it worked if it ends with ok
1 verbose cli [ '/usr/local/bin/node',
1 verbose cli   '/usr/local/bin/npm',
1 verbose cli   'install',
1 verbose cli   '-g',
1 verbose cli   'heroku-cli' ]
2 info using npm@2.14.4
3 info using node@v4.1.1
4 verbose install initial load of /usr/local/lib/package.json
5 verbose readDependencies loading dependencies from /usr/local/lib/package.json
6 silly cache add args [ 'heroku-cli', null ]
7 verbose cache add spec heroku-cli
8 silly cache add parsed spec Result {
8 silly cache add   raw: 'heroku-cli',
8 silly cache add   scope: null,
8 silly cache add   name: 'heroku-cli',
8 silly cache add   rawSpec: '',
8 silly cache add   spec: '*',
8 silly cache add   type: 'range' }
9 silly addNamed heroku-cli@*
10 verbose addNamed "*" is a valid semver range for heroku-cli
11 silly addNameRange { name: 'heroku-cli', range: '*', hasData: false }
12 silly mapToRegistry name heroku-cli
13 silly mapToRegistry using default registry
14 silly mapToRegistry registry https://registry.npmjs.org/
15 silly mapToRegistry uri https://registry.npmjs.org/heroku-cli
16 verbose addNameRange registry:https://registry.npmjs.org/heroku-cli not in flight; fetching
17 verbose request uri https://registry.npmjs.org/heroku-cli
18 verbose request no auth needed
19 info attempt registry request try #1 at 5:26:53 PM
20 verbose request id 9499892ef73f2207
21 http request GET https://registry.npmjs.org/heroku-cli
22 http 200 https://registry.npmjs.org/heroku-cli
23 silly get cb [ 200,
23 silly get   { server: 'nginx/1.10.1',
23 silly get     'content-type': 'application/json',
23 silly get     'last-modified': 'Tue, 25 Jul 2017 22:02:53 GMT',
23 silly get     etag: 'W/"5977c00d-37ff0"',
23 silly get     'content-encoding': 'gzip',
23 silly get     'cache-control': 'max-age=300',
23 silly get     'content-length': '18915',
23 silly get     'accept-ranges': 'bytes',
23 silly get     date: 'Tue, 25 Jul 2017 22:26:54 GMT',
23 silly get     via: '1.1 varnish',
23 silly get     age: '0',
23 silly get     connection: 'keep-alive',
23 silly get     'x-served-by': 'cache-mia1323-MIA',
23 silly get     'x-cache': 'MISS',
23 silly get     'x-cache-hits': '0',
23 silly get     'x-timer': 'S1501021615.626006,VS0,VE70',
23 silly get     vary: 'Accept-Encoding, Accept' } ]
24 verbose get saving heroku-cli to /Users/andresfelipepelaezalvarez/.npm/registry.npmjs.org/heroku-cli/.cache.json
25 silly addNameRange number 2 { name: 'heroku-cli', range: '*', hasData: true }
26 silly addNameRange versions [ 'heroku-cli',
26 silly addNameRange   [ '6.0.0',
26 silly addNameRange     '6.0.1',
26 silly addNameRange     '6.0.2',
26 silly addNameRange     '6.0.7',
26 silly addNameRange     '6.1.4',
26 silly addNameRange     '6.1.5',
26 silly addNameRange     '6.1.6',
26 silly addNameRange     '6.1.7',
26 silly addNameRange     '6.2.0',
26 silly addNameRange     '6.2.1',
26 silly addNameRange     '6.3.0',
26 silly addNameRange     '6.3.1',
26 silly addNameRange     '6.4.0',
26 silly addNameRange     '6.4.1',
26 silly addNameRange     '6.5.0',
26 silly addNameRange     '6.5.1',
26 silly addNameRange     '6.5.2',
26 silly addNameRange     '6.5.3',
26 silly addNameRange     '6.5.4',
26 silly addNameRange     '6.5.5',
26 silly addNameRange     '6.6.0',
26 silly addNameRange     '6.6.2',
26 silly addNameRange     '6.6.5',
26 silly addNameRange     '6.6.7',
26 silly addNameRange     '6.6.8',
26 silly addNameRange     '6.6.9',
26 silly addNameRange     '6.6.10',
26 silly addNameRange     '6.6.11',
26 silly addNameRange     '6.6.12',
26 silly addNameRange     '6.6.13',
26 silly addNameRange     '6.6.14',
26 silly addNameRange     '6.6.15',
26 silly addNameRange     '6.6.16',
26 silly addNameRange     '6.6.17',
26 silly addNameRange     '6.6.18',
26 silly addNameRange     '6.6.19',
26 silly addNameRange     '6.7.0',
26 silly addNameRange     '6.7.1',
26 silly addNameRange     '6.7.2',
26 silly addNameRange     '6.7.3',
26 silly addNameRange     '6.7.4',
26 silly addNameRange     '6.8.0',
26 silly addNameRange     '6.8.1',
26 silly addNameRange     '6.8.2',
26 silly addNameRange     '6.8.3',
26 silly addNameRange     '6.8.4',
26 silly addNameRange     '6.8.5',
26 silly addNameRange     '6.9.0',
26 silly addNameRange     '6.9.1',
26 silly addNameRange     '6.9.2',
26 silly addNameRange     '6.9.3',
26 silly addNameRange     '6.9.4',
26 silly addNameRange     '6.9.5',
26 silly addNameRange     '6.9.6',
26 silly addNameRange     '6.9.7',
26 silly addNameRange     '6.10.0',
26 silly addNameRange     '6.10.1',
26 silly addNameRange     '6.10.2' ] ]
27 silly addNamed heroku-cli@6.10.2
28 verbose addNamed "6.10.2" is a plain semver version for heroku-cli
29 silly mapToRegistry name heroku-cli
30 silly mapToRegistry using default registry
31 silly mapToRegistry registry https://registry.npmjs.org/
32 silly mapToRegistry uri https://registry.npmjs.org/heroku-cli
33 verbose addRemoteTarball https://registry.npmjs.org/heroku-cli/-/heroku-cli-6.10.2.tgz not in flight; adding
34 verbose addRemoteTarball [ 'https://registry.npmjs.org/heroku-cli/-/heroku-cli-6.10.2.tgz',
34 verbose addRemoteTarball   '8ca4cb3cbb49a01e4204a0570a0313cab6e7d2bd' ]
35 info retry fetch attempt 1 at 5:26:54 PM
36 info attempt registry request try #1 at 5:26:54 PM
37 http fetch GET https://registry.npmjs.org/heroku-cli/-/heroku-cli-6.10.2.tgz
38 http fetch 200 https://registry.npmjs.org/heroku-cli/-/heroku-cli-6.10.2.tgz
39 silly fetchAndShaCheck shasum 8ca4cb3cbb49a01e4204a0570a0313cab6e7d2bd
40 verbose addTmpTarball /var/folders/6m/2vxvd03941xf3m0659s1y7_r0000gn/T/npm-12377-0707fe53/registry.npmjs.org/heroku-cli/-/heroku-cli-6.10.2.tgz not in flight; adding
41 verbose addTmpTarball already have metadata; skipping unpack for heroku-cli@6.10.2
42 silly cache afterAdd heroku-cli@6.10.2
43 verbose afterAdd /Users/andresfelipepelaezalvarez/.npm/heroku-cli/6.10.2/package/package.json not in flight; writing
44 verbose afterAdd /Users/andresfelipepelaezalvarez/.npm/heroku-cli/6.10.2/package/package.json written
45 silly install resolved [ { name: 'heroku-cli',
45 silly install resolved     description: 'CLI to interact with Heroku',
45 silly install resolved     version: '6.10.2',
45 silly install resolved     author: { name: 'Jeff Dickey @dickeyxxx' },
45 silly install resolved     bin: { heroku: 'bin/run' },
45 silly install resolved     bugs: { url: 'https://github.com/heroku/cli/issues' },
45 silly install resolved     'cli-engine':
45 silly install resolved      { dirname: 'heroku',
45 silly install resolved        bin: 'heroku',
45 silly install resolved        node: '7.10.0',
45 silly install resolved        defaultCommand: 'dashboard',
45 silly install resolved        s3: [Object],
45 silly install resolved        plugins: [Object] },
45 silly install resolved     dependencies:
45 silly install resolved      { 'cli-engine': '3.5.10',
45 silly install resolved        'heroku-apps': '2.3.1',
45 silly install resolved        'heroku-certs': '1.1.38',
45 silly install resolved        'heroku-ci': '1.8.0',
45 silly install resolved        'heroku-cli-addons': '1.2.21',
45 silly install resolved        'heroku-cli-oauth': '2.0.13',
45 silly install resolved        'heroku-cli-status': '4.0.0',
45 silly install resolved        'heroku-fork': '4.1.22',
45 silly install resolved        'heroku-git': '2.5.17',
45 silly install resolved        'heroku-local': '5.1.16',
45 silly install resolved        'heroku-orgs': '1.6.2',
45 silly install resolved        'heroku-pg': '2.2.1',
45 silly install resolved        'heroku-pipelines': '2.1.1',
45 silly install resolved        'heroku-ps-exec': '1.0.1',
45 silly install resolved        'heroku-redis': '1.2.14',
45 silly install resolved        'heroku-run': '3.4.11',
45 silly install resolved        'heroku-spaces': '2.9.2' },
45 silly install resolved     files: [ 'bin' ],
45 silly install resolved     homepage: 'https://cli.heroku.com',
45 silly install resolved     keywords: [ 'heroku', 'heroku-cli-plugin' ],
45 silly install resolved     license: 'ISC',
45 silly install resolved     repository: { type: 'git', url: 'git+https://github.com/heroku/cli.git' },
45 silly install resolved     scripts: { build: 'cli-build', release: 'cli-release' },
45 silly install resolved     gitHead: '214890015214747eb7742bdcf7f5736027f2c26b',
45 silly install resolved     _id: 'heroku-cli@6.10.2',
45 silly install resolved     _shasum: '8ca4cb3cbb49a01e4204a0570a0313cab6e7d2bd',
45 silly install resolved     _from: 'heroku-cli@*',
45 silly install resolved     _npmVersion: '4.2.0',
45 silly install resolved     _nodeVersion: '7.10.0',
45 silly install resolved     _npmUser: { name: 'dickeyxxx', email: 'dickeytk+npm@gmail.com' },
45 silly install resolved     dist:
45 silly install resolved      { shasum: '8ca4cb3cbb49a01e4204a0570a0313cab6e7d2bd',
45 silly install resolved        tarball: 'https://registry.npmjs.org/heroku-cli/-/heroku-cli-6.10.2.tgz' },
45 silly install resolved     maintainers: [ [Object], [Object], [Object], [Object] ],
45 silly install resolved     _npmOperationalInternal:
45 silly install resolved      { host: 's3://npm-registry-packages',
45 silly install resolved        tmp: 'tmp/heroku-cli-6.10.2.tgz_1497019467546_0.4705606906209141' },
45 silly install resolved     directories: {},
45 silly install resolved     _resolved: 'https://registry.npmjs.org/heroku-cli/-/heroku-cli-6.10.2.tgz' } ]
46 info install heroku-cli@6.10.2 into /usr/local/lib
47 info installOne heroku-cli@6.10.2
48 verbose installOne of heroku-cli to /usr/local/lib not in flight; installing
49 verbose lock using /Users/andresfelipepelaezalvarez/.npm/_locks/heroku-cli-5dea72c151f0f0e2.lock for /usr/local/lib/node_modules/heroku-cli
50 silly install write writing heroku-cli 6.10.2 to /usr/local/lib/node_modules/heroku-cli
51 verbose unbuild lib/node_modules/heroku-cli
52 silly gentlyRm /usr/local/lib/node_modules/heroku-cli is being purged from base /usr/local
53 verbose gentlyRm don't care about contents; nuking /usr/local/lib/node_modules/heroku-cli
54 verbose tar unpack /Users/andresfelipepelaezalvarez/.npm/heroku-cli/6.10.2/package.tgz
55 verbose tar unpacking to /usr/local/lib/node_modules/heroku-cli
56 silly gentlyRm /usr/local/lib/node_modules/heroku-cli is being purged
57 verbose gentlyRm don't care about contents; nuking /usr/local/lib/node_modules/heroku-cli
58 silly gunzTarPerm modes [ '755', '644' ]
59 error tar.unpack untar error /Users/andresfelipepelaezalvarez/.npm/heroku-cli/6.10.2/package.tgz
60 verbose unlock done using /Users/andresfelipepelaezalvarez/.npm/_locks/heroku-cli-5dea72c151f0f0e2.lock for /usr/local/lib/node_modules/heroku-cli
61 verbose fstream_path /usr/local/lib/node_modules/heroku-cli
62 verbose fstream_type Directory
63 verbose fstream_class DirWriter
64 verbose stack Error: EACCES: permission denied, mkdir '/usr/local/lib/node_modules/heroku-cli'
64 verbose stack     at Error (native)
65 verbose fstream_stack /usr/local/lib/node_modules/npm/node_modules/fstream/lib/dir-writer.js:35:25
65 verbose fstream_stack /usr/local/lib/node_modules/npm/node_modules/mkdirp/index.js:47:53
65 verbose fstream_stack FSReqWrap.oncomplete (fs.js:82:15)
66 verbose cwd /Users/andresfelipepelaezalvarez/Desktop/Proyectos/Aplicaciones/Rails/ducha
67 error Darwin 16.1.0
68 error argv "/usr/local/bin/node" "/usr/local/bin/npm" "install" "-g" "heroku-cli"
69 error node v4.1.1
70 error npm  v2.14.4
71 error path /usr/local/lib/node_modules/heroku-cli
72 error code EACCES
73 error errno -13
74 error syscall mkdir
75 error Error: EACCES: permission denied, mkdir '/usr/local/lib/node_modules/heroku-cli'
75 error     at Error (native)
75 error  { [Error: EACCES: permission denied, mkdir '/usr/local/lib/node_modules/heroku-cli']
75 error   errno: -13,
75 error   code: 'EACCES',
75 error   syscall: 'mkdir',
75 error   path: '/usr/local/lib/node_modules/heroku-cli',
75 error   fstream_type: 'Directory',
75 error   fstream_path: '/usr/local/lib/node_modules/heroku-cli',
75 error   fstream_class: 'DirWriter',
75 error   fstream_stack:
75 error    [ '/usr/local/lib/node_modules/npm/node_modules/fstream/lib/dir-writer.js:35:25',
75 error      '/usr/local/lib/node_modules/npm/node_modules/mkdirp/index.js:47:53',
75 error      'FSReqWrap.oncomplete (fs.js:82:15)' ] }
76 error Please try running this command again as root/Administrator.
77 verbose exit [ -13, true ]
78 verbose unbuild lib/node_modules/heroku-cli
79 silly gentlyRm /usr/local/lib/node_modules/heroku-cli is being purged from base /usr/local
80 verbose gentlyRm don't care about contents; nuking /usr/local/lib/node_modules/heroku-cli
